# JRE version: OpenJDK Runtime Environment (8.0_242-b01) (build 1.8.0_242-release-1644-b01)
# Java VM: OpenJDK 64-Bit Server VM (25.242-b01 mixed mode windows-amd64 compressed oops)
Heap:
 PSYoungGen      total 267776K, used 82670K [0x00000000d5580000, 0x00000000e8200000, 0x0000000100000000)
  eden space 239104K, 34% used [0x00000000d5580000,0x00000000da63bb80,0x00000000e3f00000)
  from space 28672K, 0% used [0x00000000e6000000,0x00000000e6000000,0x00000000e7c00000)
  to   space 33792K, 0% used [0x00000000e3f00000,0x00000000e3f00000,0x00000000e6000000)
 ParOldGen       total 170496K, used 78692K [0x0000000080000000, 0x000000008a680000, 0x00000000d5580000)
  object space 170496K, 46% used [0x0000000080000000,0x0000000084cd9390,0x000000008a680000)
 Metaspace       used 106189K, capacity 109900K, committed 110744K, reserved 1144832K
  class space    used 14145K, capacity 14918K, committed 15016K, reserved 1048576K
GC Heap History (10 events):
Event: 17.066 GC heap before
{Heap before GC invocations=14 (full 3):
 PSYoungGen      total 207872K, used 191488K [0x00000000d5580000, 0x00000000e3a00000, 0x0000000100000000)
  eden space 191488K, 100% used [0x00000000d5580000,0x00000000e1080000,0x00000000e1080000)
  from space 16384K, 0% used [0x00000000e2480000,0x00000000e2480000,0x00000000e3480000)
  to   space 20480K, 0% used [0x00000000e1080000,0x00000000e1080000,0x00000000e2480000)
 ParOldGen       total 170496K, used 35441K [0x0000000080000000, 0x000000008a680000, 0x00000000d5580000)
  object space 170496K, 20% used [0x0000000080000000,0x000000008229c730,0x000000008a680000)
 Metaspace       used 64773K, capacity 68024K, committed 68120K, reserved 1107968K
  class space    used 8876K, capacity 9511K, committed 9512K, reserved 1048576K
Event: 17.083 GC heap after
Heap after GC invocations=14 (full 3):
 PSYoungGen      total 211968K, used 18462K [0x00000000d5580000, 0x00000000e5c00000, 0x0000000100000000)
  eden space 191488K, 0% used [0x00000000d5580000,0x00000000d5580000,0x00000000e1080000)
  from space 20480K, 90% used [0x00000000e1080000,0x00000000e2287b78,0x00000000e2480000)
  to   space 22528K, 0% used [0x00000000e4600000,0x00000000e4600000,0x00000000e5c00000)
 ParOldGen       total 170496K, used 35449K [0x0000000080000000, 0x000000008a680000, 0x00000000d5580000)
  object space 170496K, 20% used [0x0000000080000000,0x000000008229e730,0x000000008a680000)
 Metaspace       used 64773K, capacity 68024K, committed 68120K, reserved 1107968K
  class space    used 8876K, capacity 9511K, committed 9512K, reserved 1048576K
}
Event: 23.513 GC heap before
{Heap before GC invocations=15 (full 3):
 PSYoungGen      total 211968K, used 209950K [0x00000000d5580000, 0x00000000e5c00000, 0x0000000100000000)
  eden space 191488K, 100% used [0x00000000d5580000,0x00000000e1080000,0x00000000e1080000)
  from space 20480K, 90% used [0x00000000e1080000,0x00000000e2287b78,0x00000000e2480000)
  to   space 22528K, 0% used [0x00000000e4600000,0x00000000e4600000,0x00000000e5c00000)
 ParOldGen       total 170496K, used 35449K [0x0000000080000000, 0x000000008a680000, 0x00000000d5580000)
  object space 170496K, 20% used [0x0000000080000000,0x000000008229e730,0x000000008a680000)
 Metaspace       used 73153K, capacity 76544K, committed 76952K, reserved 1116160K
  class space    used 9896K, capacity 10541K, committed 10664K, reserved 1048576K
Event: 23.539 GC heap after
Heap after GC invocations=15 (full 3):
 PSYoungGen      total 241152K, used 22518K [0x00000000d5580000, 0x00000000e6180000, 0x0000000100000000)
  eden space 218624K, 0% used [0x00000000d5580000,0x00000000d5580000,0x00000000e2b00000)
  from space 22528K, 99% used [0x00000000e4600000,0x00000000e5bfd840,0x00000000e5c00000)
  to   space 27648K, 0% used [0x00000000e2b00000,0x00000000e2b00000,0x00000000e4600000)
 ParOldGen       total 170496K, used 41238K [0x0000000080000000, 0x000000008a680000, 0x00000000d5580000)
  object space 170496K, 24% used [0x0000000080000000,0x0000000082845a20,0x000000008a680000)
 Metaspace       used 73153K, capacity 76544K, committed 76952K, reserved 1116160K
  class space    used 9896K, capacity 10541K, committed 10664K, reserved 1048576K
}
Event: 44.990 GC heap before
{Heap before GC invocations=16 (full 3):
 PSYoungGen      total 241152K, used 241137K [0x00000000d5580000, 0x00000000e6180000, 0x0000000100000000)
  eden space 218624K, 99% used [0x00000000d5580000,0x00000000e2afef30,0x00000000e2b00000)
  from space 22528K, 99% used [0x00000000e4600000,0x00000000e5bfd840,0x00000000e5c00000)
  to   space 27648K, 0% used [0x00000000e2b00000,0x00000000e2b00000,0x00000000e4600000)
 ParOldGen       total 170496K, used 41238K [0x0000000080000000, 0x000000008a680000, 0x00000000d5580000)
  object space 170496K, 24% used [0x0000000080000000,0x0000000082845a20,0x000000008a680000)
 Metaspace       used 73203K, capacity 76620K, committed 76952K, reserved 1116160K
  class space    used 9902K, capacity 10543K, committed 10664K, reserved 1048576K
Event: 45.007 GC heap after
Heap after GC invocations=16 (full 3):
 PSYoungGen      total 246272K, used 368K [0x00000000d5580000, 0x00000000e7c00000, 0x0000000100000000)
  eden space 218624K, 0% used [0x00000000d5580000,0x00000000d5580000,0x00000000e2b00000)
  from space 27648K, 1% used [0x00000000e2b00000,0x00000000e2b5c010,0x00000000e4600000)
  to   space 28672K, 0% used [0x00000000e6000000,0x00000000e6000000,0x00000000e7c00000)
 ParOldGen       total 170496K, used 62612K [0x0000000080000000, 0x000000008a680000, 0x00000000d5580000)
  object space 170496K, 36% used [0x0000000080000000,0x0000000083d253a0,0x000000008a680000)
 Metaspace       used 73203K, capacity 76620K, committed 76952K, reserved 1116160K
  class space    used 9902K, capacity 10543K, committed 10664K, reserved 1048576K
}
Event: 58.937 GC heap before
{Heap before GC invocations=17 (full 3):
 PSYoungGen      total 246272K, used 212910K [0x00000000d5580000, 0x00000000e7c00000, 0x0000000100000000)
  eden space 218624K, 97% used [0x00000000d5580000,0x00000000e250faf0,0x00000000e2b00000)
  from space 27648K, 1% used [0x00000000e2b00000,0x00000000e2b5c010,0x00000000e4600000)
  to   space 28672K, 0% used [0x00000000e6000000,0x00000000e6000000,0x00000000e7c00000)
 ParOldGen       total 170496K, used 62612K [0x0000000080000000, 0x000000008a680000, 0x00000000d5580000)
  object space 170496K, 36% used [0x0000000080000000,0x0000000083d253a0,0x000000008a680000)
 Metaspace       used 94402K, capacity 98494K, committed 98600K, reserved 1134592K
  class space    used 12428K, capacity 13200K, committed 13224K, reserved 1048576K
Event: 58.968 GC heap after
Heap after GC invocations=17 (full 3):
 PSYoungGen      total 267776K, used 28665K [0x00000000d5580000, 0x00000000e8200000, 0x0000000100000000)
  eden space 239104K, 0% used [0x00000000d5580000,0x00000000d5580000,0x00000000e3f00000)
  from space 28672K, 99% used [0x00000000e6000000,0x00000000e7bfe490,0x00000000e7c00000)
  to   space 33792K, 0% used [0x00000000e3f00000,0x00000000e3f00000,0x00000000e6000000)
 ParOldGen       total 170496K, used 65067K [0x0000000080000000, 0x000000008a680000, 0x00000000d5580000)
  object space 170496K, 38% used [0x0000000080000000,0x0000000083f8af98,0x000000008a680000)
 Metaspace       used 94402K, capacity 98494K, committed 98600K, reserved 1134592K
  class space    used 12428K, capacity 13200K, committed 13224K, reserved 1048576K
}
Event: 58.968 GC heap before
{Heap before GC invocations=18 (full 4):
 PSYoungGen      total 267776K, used 28665K [0x00000000d5580000, 0x00000000e8200000, 0x0000000100000000)
  eden space 239104K, 0% used [0x00000000d5580000,0x00000000d5580000,0x00000000e3f00000)
  from space 28672K, 99% used [0x00000000e6000000,0x00000000e7bfe490,0x00000000e7c00000)
  to   space 33792K, 0% used [0x00000000e3f00000,0x00000000e3f00000,0x00000000e6000000)
 ParOldGen       total 170496K, used 65067K [0x0000000080000000, 0x000000008a680000, 0x00000000d5580000)
  object space 170496K, 38% used [0x0000000080000000,0x0000000083f8af98,0x000000008a680000)
 Metaspace       used 94402K, capacity 98494K, committed 98600K, reserved 1134592K
  class space    used 12428K, capacity 13200K, committed 13224K, reserved 1048576K
Event: 59.157 GC heap after
Heap after GC invocations=18 (full 4):
 PSYoungGen      total 267776K, used 0K [0x00000000d5580000, 0x00000000e8200000, 0x0000000100000000)
  eden space 239104K, 0% used [0x00000000d5580000,0x00000000d5580000,0x00000000e3f00000)
  from space 28672K, 0% used [0x00000000e6000000,0x00000000e6000000,0x00000000e7c00000)
  to   space 33792K, 0% used [0x00000000e3f00000,0x00000000e3f00000,0x00000000e6000000)
 ParOldGen       total 170496K, used 78692K [0x0000000080000000, 0x000000008a680000, 0x00000000d5580000)
  object space 170496K, 46% used [0x0000000080000000,0x0000000084cd9390,0x000000008a680000)
 Metaspace       used 94044K, capacity 97428K, committed 98600K, reserved 1134592K
  class space    used 12311K, capacity 12995K, committed 13224K, reserved 1048576K
}

